#
# There is insufficient memory for the Java Runtime Environment to continue.
# Native memory allocation (mmap) failed to map 132120576 bytes for G1 virtual space
# Possible reasons:
#   The system is out of physical RAM or swap space
#   The process is running with CompressedOops enabled, and the Java Heap may be blocking the growth of the native heap
# Possible solutions:
#   Reduce memory load on the system
#   Increase physical memory or swap space
#   Check if swap backing store is full
#   Decrease Java heap size (-Xmx/-Xms)
#   Decrease number of Java threads
#   Decrease Java thread stack sizes (-Xss)
#   Set larger code cache with -XX:ReservedCodeCacheSize=
#   JVM is running with Unscaled Compressed Oops mode in which the Java heap is
#     placed in the first 4GB address space. The Java Heap base address is the
#     maximum limit for the native heap growth. Please use -XX:HeapBaseMinAddress
#     to set the Java Heap base and to place the Java Heap above 4GB virtual address.
# This output file may be truncated or incomplete.
#
#  Out of Memory Error (./open/src/hotspot/os/windows/os_windows.cpp:3321), pid=13184, tid=1004
#
# JRE version:  (15.0.2+7) (build )
# Java VM: Java HotSpot(TM) 64-Bit Server VM (15.0.2+7-27, mixed mode, sharing, tiered, compressed oops, g1 gc, windows-amd64)
# No core dump will be written. Minidumps are not enabled by default on client versions of Windows
#

---------------  S U M M A R Y ------------

Command Line: -Dfile.encoding=Cp1252 -XX:+ShowCodeDetailsInExceptionMessages testPack02.Test01

Host: Intel(R) Core(TM) i5-10500H CPU @ 2.50GHz, 12 cores, 7G,  Windows 10 , 64 bit Build 19041 (10.0.19041.1645)
Time: Sun May  8 23:22:24 2022 India Standard Time elapsed time: 0.017857 seconds (0d 0h 0m 0s)

---------------  T H R E A D  ---------------

Current thread (0x000001d35030f9f0):  JavaThread "Unknown thread" [_thread_in_vm, id=1004, stack(0x00000061f6300000,0x00000061f6400000)]

Stack: [0x00000061f6300000,0x00000061f6400000]
Native frames: (J=compiled Java code, j=interpreted, Vv=VM code, C=native code)
V  [jvm.dll+0x62ae9a]
V  [jvm.dll+0x7817a9]
V  [jvm.dll+0x782f03]
V  [jvm.dll+0x783563]
V  [jvm.dll+0x216325]
V  [jvm.dll+0x6281d9]
V  [jvm.dll+0x61cf55]
V  [jvm.dll+0x2cffdd]
V  [jvm.dll+0x2cfe42]
V  [jvm.dll+0x2d5e1c]
V  [jvm.dll+0x32590a]
V  [jvm.dll+0x324fd4]
V  [jvm.dll+0x2a6f5a]
V  [jvm.dll+0x2a80f8]
V  [jvm.dll+0x75e241]
V  [jvm.dll+0x3341c4]
V  [jvm.dll+0x73e926]
V  [jvm.dll+0x3b7557]
V  [jvm.dll+0x3b8fe1]
C  [jli.dll+0x52fb]
C  [ucrtbase.dll+0x21bb2]
C  [KERNEL32.DLL+0x17034]
C  [ntdll.dll+0x52651]


---------------  P R O C E S S  ---------------

Threads class SMR info:
_java_thread_list=0x00007ff8d37d4ff0, length=0, elements={
}

Java Threads: ( => current thread )

Other Threads:
  0x000001d35034f770 GCTaskThread "GC Thread#0" [stack: 0x00000061f6400000,0x00000061f6500000] [id=3560]
  0x000001d350362b80 ConcurrentGCThread "G1 Main Marker" [stack: 0x00000061f6500000,0x00000061f6600000] [id=17776]
  0x000001d350363770 ConcurrentGCThread "G1 Conc#0" [stack: 0x00000061f6600000,0x00000061f6700000] [id=17260]

[error occurred during error reporting (printing all threads), id 0xc0000005, EXCEPTION_ACCESS_VIOLATION (0xc0000005) at pc=0x00007ff8d2fc7e27]

VM state: not at safepoint (not fully initialized)

VM Mutex/Monitor currently owned by a thread:  ([mutex/lock_event])
[0x000001d35030ba20] Heap_lock - owner thread: 0x000001d35030f9f0

Heap address: 0x0000000082c00000, size: 2004 MB, Compressed Oops mode: 32-bit
CDS archive(s) mapped at: [0x0000000000000000-0x0000000000000000-0x0000000000000000), size 0, SharedBaseAddress: 0x0000000800000000, ArchiveRelocationMode: 0.
Narrow klass base: 0x0000000000000000, Narrow klass shift: 0, Narrow klass range: 0x0

Heap:
 garbage-first heap   total 129024K, used 0K [0x0000000082c00000, 0x0000000100000000)
  region size 1024K, 0 young (0K), 0 survivors (0K)
 Metaspace       used 0K, capacity 0K, committed 0K, reserved 0K
  class space    used 0K, capacity 0K, committed 0K, reserved 0K

Heap Regions: E=young(eden), S=young(survivor), O=old, HS=humongous(starts), HC=humongous(continues), CS=collection set, F=free, OA=open archive, CA=closed archive, TAMS=top-at-mark-start (previous, next)

Card table byte_map: [0x000001d367e90000,0x000001d368280000] _byte_map_base: 0x000001d367a7a000

Marking Bits (Prev, Next): (CMBitMap*) 0x000001d350350ff0, (CMBitMap*) 0x000001d350351030
 Prev Bits: [0x000001d368670000, 0x000001d36a5c0000)
 Next Bits: [0x000001d36a5c0000, 0x000001d36c510000)

GC Heap History (0 events):
No events

Deoptimization events (0 events):
No events

Classes unloaded (0 events):
No events

Classes redefined (0 events):
No events

Internal exceptions (0 events):
No events

Events (1 events):
Event: 0.009 Loaded shared library C:\Program Files\Java\jdk-15.0.2\bin\java.dll


Dynamic libraries:
0x00007ff733e40000 - 0x00007ff733e4f000 	C:\Program Files\Java\jdk-15.0.2\bin\javaw.exe
0x00007ff957e10000 - 0x00007ff958005000 	C:\WINDOWS\SYSTEM32\ntdll.dll
0x00007ff956360000 - 0x00007ff95641e000 	C:\WINDOWS\System32\KERNEL32.DLL
0x00007ff955850000 - 0x00007ff955b18000 	C:\WINDOWS\System32\KERNELBASE.dll
0x00007ff955670000 - 0x00007ff955770000 	C:\WINDOWS\System32\ucrtbase.dll
0x00007ff9512d0000 - 0x00007ff9512e8000 	C:\Program Files\Java\jdk-15.0.2\bin\jli.dll
0x00007ff956450000 - 0x00007ff9564fe000 	C:\WINDOWS\System32\ADVAPI32.dll
0x00007ff94dba0000 - 0x00007ff94dbb9000 	C:\Program Files\Java\jdk-15.0.2\bin\VCRUNTIME140.dll
0x00007ff956ea0000 - 0x00007ff956f3e000 	C:\WINDOWS\System32\msvcrt.dll
0x00007ff955e70000 - 0x00007ff955f0c000 	C:\WINDOWS\System32\sechost.dll
0x00007ff957b70000 - 0x00007ff957c95000 	C:\WINDOWS\System32\RPCRT4.dll
0x00007ff9561a0000 - 0x00007ff956340000 	C:\WINDOWS\System32\USER32.dll
0x00007ff93cc20000 - 0x00007ff93ceba000 	C:\WINDOWS\WinSxS\amd64_microsoft.windows.common-controls_6595b64144ccf1df_6.0.19041.1110_none_60b5254171f9507e\COMCTL32.dll
0x00007ff955820000 - 0x00007ff955842000 	C:\WINDOWS\System32\win32u.dll
0x00007ff956420000 - 0x00007ff95644a000 	C:\WINDOWS\System32\GDI32.dll
0x00007ff955530000 - 0x00007ff95563b000 	C:\WINDOWS\System32\gdi32full.dll
0x00007ff955cf0000 - 0x00007ff955d8d000 	C:\WINDOWS\System32\msvcp_win.dll
0x00007ff94f000000 - 0x00007ff94f00a000 	C:\WINDOWS\SYSTEM32\VERSION.dll
0x00007ff956d20000 - 0x00007ff956d50000 	C:\WINDOWS\System32\IMM32.DLL
0x00007ff94fd20000 - 0x00007ff94fd2c000 	C:\Program Files\Java\jdk-15.0.2\bin\vcruntime140_1.dll
0x00007ff94d5c0000 - 0x00007ff94d651000 	C:\Program Files\Java\jdk-15.0.2\bin\msvcp140.dll
0x00007ff8d2d10000 - 0x00007ff8d386e000 	C:\Program Files\Java\jdk-15.0.2\bin\server\jvm.dll
0x00007ff956190000 - 0x00007ff956198000 	C:\WINDOWS\System32\PSAPI.DLL
0x00007ff93d9f0000 - 0x00007ff93d9f9000 	C:\WINDOWS\SYSTEM32\WSOCK32.dll
0x00007ff956040000 - 0x00007ff9560ab000 	C:\WINDOWS\System32\WS2_32.dll
0x00007ff943390000 - 0x00007ff9433b7000 	C:\WINDOWS\SYSTEM32\WINMM.dll
0x00007ff953450000 - 0x00007ff953462000 	C:\WINDOWS\SYSTEM32\kernel.appcore.dll
0x00007ff94f9d0000 - 0x00007ff94f9da000 	C:\Program Files\Java\jdk-15.0.2\bin\jimage.dll
0x00007ff942a50000 - 0x00007ff942c34000 	C:\WINDOWS\SYSTEM32\DBGHELP.DLL
0x00007ff944800000 - 0x00007ff94482c000 	C:\WINDOWS\SYSTEM32\dbgcore.DLL
0x00007ff955de0000 - 0x00007ff955e62000 	C:\WINDOWS\System32\bcryptPrimitives.dll
0x00007ff94d780000 - 0x00007ff94d7a5000 	C:\Program Files\Java\jdk-15.0.2\bin\java.dll

dbghelp: loaded successfully - version: 4.0.5 - missing functions: none
symbol engine: initialized successfully - sym options: 0x614 - pdb path: .;C:\Program Files\Java\jdk-15.0.2\bin;C:\WINDOWS\SYSTEM32;C:\WINDOWS\WinSxS\amd64_microsoft.windows.common-controls_6595b64144ccf1df_6.0.19041.1110_none_60b5254171f9507e;C:\Program Files\Java\jdk-15.0.2\bin\server

VM Arguments:
jvm_args: -Dfile.encoding=Cp1252 -XX:+ShowCodeDetailsInExceptionMessages 
java_command: testPack02.Test01
java_class_path (initial): J:\Eclipse old data\eclipse-workspace_2\Selenilum\bin;E:\Velocity Teligram Videos\New folder\selenium-server-4.1.4.jar
Launcher Type: SUN_STANDARD

[Global flags]
     intx CICompilerCount                          = 4                                         {product} {ergonomic}
     uint ConcGCThreads                            = 3                                         {product} {ergonomic}
     uint G1ConcRefinementThreads                  = 10                                        {product} {ergonomic}
   size_t G1HeapRegionSize                         = 1048576                                   {product} {ergonomic}
    uintx GCDrainStackTargetSize                   = 64                                        {product} {ergonomic}
   size_t InitialHeapSize                          = 132120576                                 {product} {ergonomic}
   size_t MarkStackSize                            = 4194304                                   {product} {ergonomic}
   size_t MaxHeapSize                              = 2101346304                                {product} {ergonomic}
   size_t MinHeapDeltaBytes                        = 1048576                                   {product} {ergonomic}
   size_t MinHeapSize                              = 8388608                                   {product} {ergonomic}
    uintx NonNMethodCodeHeapSize                   = 5839372                                {pd product} {ergonomic}
    uintx NonProfiledCodeHeapSize                  = 122909434                              {pd product} {ergonomic}
    uintx ProfiledCodeHeapSize                     = 122909434                              {pd product} {ergonomic}
    uintx ReservedCodeCacheSize                    = 251658240                              {pd product} {ergonomic}
     bool SegmentedCodeCache                       = true                                      {product} {ergonomic}
     bool ShowCodeDetailsInExceptionMessages       = true                                   {manageable} {command line}
   size_t SoftMaxHeapSize                          = 2101346304                             {manageable} {ergonomic}
     bool UseCompressedClassPointers               = true                                 {lp64_product} {ergonomic}
     bool UseCompressedOops                        = true                                 {lp64_product} {ergonomic}
     bool UseG1GC                                  = true                                      {product} {ergonomic}
     bool UseLargePagesIndividualAllocation        = false                                  {pd product} {ergonomic}

Logging:
Log output configuration:
 #0: stdout all=warning uptime,level,tags
 #1: stderr all=off uptime,level,tags

Environment Variables:
PATH=C:/Users/snkg1/.p2/pool/plugins/org.eclipse.justj.openjdk.hotspot.jre.full.win32.x86_64_15.0.2.v20210201-0955/jre/bin/server;C:/Users/snkg1/.p2/pool/plugins/org.eclipse.justj.openjdk.hotspot.jre.full.win32.x86_64_15.0.2.v20210201-0955/jre/bin;C:\Program Files\Common Files\Oracle\Java\javapath;C:\Windows\system32;C:\Windows;C:\Windows\System32\Wbem;C:\Windows\System32\WindowsPowerShell\v1.0\;C:\Windows\System32\OpenSSH\;C:\Program Files (x86)\NVIDIA Corporation\PhysX\Common;C:\Program Files\Microsoft SQL Server\Client SDK\ODBC\170\Tools\Binn\;C:\Program Files (x86)\Microsoft SQL Server\150\Tools\Binn\;C:\Program Files\Microsoft SQL Server\150\Tools\Binn\;C:\Program Files\Microsoft SQL Server\150\DTS\Binn\;C:\Program Files\NVIDIA Corporation\NVIDIA NvDLISR;C:\Program Files\MySQL\MySQL Shell 8.0\bin\;C:\Users\snkg1\AppData\Local\Programs\Python\Python37-32\Scripts\;C:\Users\snkg1\AppData\Local\Programs\Python\Python37-32\;C:\Users\snkg1\AppData\Local\Microsoft\WindowsApps;;C:\Program Files\Microsoft Office\root\Client;C:\Users\snkg1\Desktop;
USERNAME=snkg1
OS=Windows_NT
PROCESSOR_IDENTIFIER=Intel64 Family 6 Model 165 Stepping 2, GenuineIntel



---------------  S Y S T E M  ---------------

OS:
 Windows 10 , 64 bit Build 19041 (10.0.19041.1645)
OS uptime: 3 days 15:48 hours

CPU: total 12 (initial active 12) (6 cores per cpu, 2 threads per core) family 6 model 165 stepping 2 microcode 0xe2, cmov, cx8, fxsr, mmx, sse, sse2, sse3, ssse3, sse4.1, sse4.2, popcnt, vzeroupper, avx, avx2, aes, clmul, erms, 3dnowpref, lzcnt, ht, tsc, tscinvbit, bmi1, bmi2, adx, fma, clflush, clflushopt

Memory: 4k page, system-wide physical 8013M (1096M free)
TotalPageFile size 14133M (AvailPageFile size 120M)
current process WorkingSet (physical memory assigned to process): 10M, peak: 10M
current process commit charge ("private bytes"): 64M, peak: 190M

vm_info: Java HotSpot(TM) 64-Bit Server VM (15.0.2+7-27) for windows-amd64 JRE (15.0.2+7-27), built on Dec  7 2020 20:07:01 by "mach5one" with unknown MS VC++:1925

END.
